<?xml version="1.0" encoding="UTF-8"?>
<!-- Generated by org.testng.reporters.JUnitXMLReporter -->
<testsuite ignored="4" hostname="KP" failures="0" tests="1" name="Default test" time="8.646" errors="0" timestamp="2023-11-12T21:09:26 IST">
  <testcase classname="com.tutorialninja.testcases.Login" name="verifyLoginWithInvalidCredentials" time="0.614"/>
  <testcase classname="com.tutorialninja.testcases.Login" name="verifyLoginWithValidCredentials" time="0.0">
    <ignored/>
  </testcase> <!-- verifyLoginWithValidCredentials -->
  <testcase classname="com.tutorialninja.testcases.Login" name="verifyLoginWithoutCredentials" time="0.0">
    <ignored/>
  </testcase> <!-- verifyLoginWithoutCredentials -->
  <testcase classname="com.tutorialninja.testcases.Login" name="verifyLoginWithValidEmailAndInvalidCredentials" time="0.0">
    <ignored/>
  </testcase> <!-- verifyLoginWithValidEmailAndInvalidCredentials -->
  <testcase classname="com.tutorialninja.testcases.Login" name="verifyLoginWithInvalidEmailAndValidCredentials" time="0.0">
    <ignored/>
  </testcase> <!-- verifyLoginWithInvalidEmailAndValidCredentials -->
</testsuite> <!-- Default test -->
